Build started 09/12/2015 16:08:13.
     1>Project "C:\Users\gijsimus\Desktop\DSP labo\OEFENEN\CONVOLUTION\CONVOLUTION\CONVOLUTION.vcxproj" on node 2 (Build target(s)).
     1>ClCompile:
         C:\Program Files (x86)\Microsoft Visual Studio 12.0\VC\bin\CL.exe /c /ZI /nologo /W3 /WX- /Od /Oy- /D WIN32 /D _DEBUG /D _CONSOLE /D _LIB /D _UNICODE /D UNICODE /Gm /EHsc /RTC1 /MDd /GS /fp:precise /Zc:wchar_t /Zc:forScope /Fo"Debug\\" /Fd"Debug\vc120.pdb" /Gd /TC /analyze- /errorReport:prompt main.c
         main.c
     1>c:\users\gijsimus\desktop\dsp labo\oefenen\convolution\convolution\main.c(82): warning C4244: 'function' : conversion from 'double' to 'size_t', possible loss of data
     1>c:\users\gijsimus\desktop\dsp labo\oefenen\convolution\convolution\main.c(83): warning C4244: 'function' : conversion from 'double' to 'size_t', possible loss of data
     1>c:\users\gijsimus\desktop\dsp labo\oefenen\convolution\convolution\main.c(84): warning C4244: 'function' : conversion from 'double' to 'size_t', possible loss of data
     1>c:\users\gijsimus\desktop\dsp labo\oefenen\convolution\convolution\main.c(85): warning C4244: 'function' : conversion from 'double' to 'size_t', possible loss of data
     1>c:\users\gijsimus\desktop\dsp labo\oefenen\convolution\convolution\main.c(86): warning C4244: 'function' : conversion from 'double' to 'size_t', possible loss of data
     1>c:\users\gijsimus\desktop\dsp labo\oefenen\convolution\convolution\main.c(87): warning C4244: 'function' : conversion from 'double' to 'size_t', possible loss of data
     1>c:\users\gijsimus\desktop\dsp labo\oefenen\convolution\convolution\main.c(88): warning C4244: 'function' : conversion from 'double' to 'size_t', possible loss of data
     1>c:\users\gijsimus\desktop\dsp labo\oefenen\convolution\convolution\main.c(114): warning C4244: '=' : conversion from 'double' to 'int', possible loss of data
     1>c:\users\gijsimus\desktop\dsp labo\oefenen\convolution\convolution\main.c(126): warning C4244: '=' : conversion from 'double' to 'int', possible loss of data
     1>c:\users\gijsimus\desktop\dsp labo\oefenen\convolution\convolution\main.c(150): warning C4244: '=' : conversion from 'double' to 'int', possible loss of data
     1>c:\users\gijsimus\desktop\dsp labo\oefenen\convolution\convolution\main.c(153): warning C4244: '=' : conversion from 'double' to 'int', possible loss of data
       Link:
         C:\Program Files (x86)\Microsoft Visual Studio 12.0\VC\bin\link.exe /ERRORREPORT:PROMPT /OUT:"C:\Users\gijsimus\Desktop\DSP labo\OEFENEN\CONVOLUTION\Debug\CONVOLUTION.exe" /INCREMENTAL /NOLOGO kernel32.lib user32.lib gdi32.lib winspool.lib comdlg32.lib advapi32.lib shell32.lib ole32.lib oleaut32.lib uuid.lib odbc32.lib odbccp32.lib /MANIFEST /MANIFESTUAC:"level='asInvoker' uiAccess='false'" /manifest:embed /DEBUG /PDB:"C:\Users\gijsimus\Desktop\DSP labo\OEFENEN\CONVOLUTION\Debug\CONVOLUTION.pdb" /SUBSYSTEM:CONSOLE /TLBID:1 /DYNAMICBASE /NXCOMPAT /IMPLIB:"C:\Users\gijsimus\Desktop\DSP labo\OEFENEN\CONVOLUTION\Debug\CONVOLUTION.lib" /MACHINE:X86 Debug\main.obj
         CONVOLUTION.vcxproj -> C:\Users\gijsimus\Desktop\DSP labo\OEFENEN\CONVOLUTION\Debug\CONVOLUTION.exe
     1>Done Building Project "C:\Users\gijsimus\Desktop\DSP labo\OEFENEN\CONVOLUTION\CONVOLUTION\CONVOLUTION.vcxproj" (Build target(s)).

Build succeeded.

Time Elapsed 00:00:00.97
